<?xml version="1.0" encoding="UTF-8"?>
<!-- Generated by org.testng.reporters.JUnitXMLReporter -->
<testsuite ignored="0" hostname="Vipuls-MacBook-Air.local" failures="0" tests="2" name="LensKart Landing Page Negative Test" time="86.548" errors="0" timestamp="13 Dec 2022 12:53:52 GMT">
  <testcase classname="com.qa.lenskart.tests.LandingPageNegativeTest" name="loginNegativeTest" time="3.861"/>
  <testcase classname="com.qa.lenskart.tests.LandingPageNegativeTest" name="loginNegativeTest" time="3.046"/>
</testsuite> <!-- LensKart Landing Page Negative Test -->
