<?xml version="1.0" encoding="UTF-8"?>
<!-- Generated by org.testng.reporters.JUnitXMLReporter -->
<testsuite ignored="0" hostname="Vipuls-MacBook-Air.local" failures="0" tests="4" name="LensKart Landing Page Test" time="50.174" errors="0" timestamp="11 Dec 2022 14:38:38 GMT">
  <testcase classname="com.qa.lenskart.tests.LandingPageTest" name="titleTest" time="0.151"/>
  <testcase classname="com.qa.lenskart.tests.LandingPageTest" name="urlTest" time="0.07"/>
  <testcase classname="com.qa.lenskart.tests.LandingPageTest" name="logoTest" time="1.145"/>
  <testcase classname="com.qa.lenskart.tests.LandingPageTest" name="signInTest" time="8.155"/>
</testsuite> <!-- LensKart Landing Page Test -->
