<?xml version="1.0" encoding="UTF-8"?>
<!-- Generated by org.testng.reporters.JUnitXMLReporter -->
<testsuite ignored="2" hostname="11446A-RAJEKUM.corp.zynga.com" failures="0" tests="4" name="LensKart Home Page Test" time="39.107" errors="0" timestamp="14 Dec 2022 10:40:43 GMT">
  <testcase classname="com.qa.lenskart.tests.HomePageTest" name="userNameTest" time="2.278"/>
  <testcase classname="com.qa.lenskart.tests.HomePageTest" name="searchTest" time="4.428"/>
  <testcase classname="com.qa.lenskart.tests.HomePageTest" name="searchTest" time="3.934"/>
  <testcase classname="com.qa.lenskart.tests.HomePageTest" name="searchTest" time="5.809"/>
  <testcase classname="com.qa.lenskart.tests.HomePageTest" name="loginPanelItemsTest" time="0.0">
    <ignored/>
  </testcase> <!-- loginPanelItemsTest -->
  <testcase classname="com.qa.lenskart.tests.HomePageTest" name="selectProductTest" time="0.0">
    <ignored/>
  </testcase> <!-- selectProductTest -->
</testsuite> <!-- LensKart Home Page Test -->
