<?xml version="1.0" encoding="UTF-8"?>
<!-- Generated by org.testng.reporters.JUnitXMLReporter -->
<testsuite ignored="0" hostname="Vipuls-MacBook-Air.local" failures="0" tests="3" name="LensKart product Info Test" time="0.039" errors="0" timestamp="2022-11-25T17:22:19 IST">
  <testcase classname="com.qa.lenskart.tests.BaseTest" name="@BeforeTest setUp" time="0.005">
    <failure type="java.lang.NullPointerException" message="Cannot invoke &amp;quot;String.trim()&amp;quot; because the return value of &amp;quot;java.lang.System.getProperty(String)&amp;quot; is null">
      <![CDATA[java.lang.NullPointerException: Cannot invoke "String.trim()" because the return value of "java.lang.System.getProperty(String)" is null
at com.qa.lenskart.factory.DriverFactory.initProperties(DriverFactory.java:86)
at com.qa.lenskart.tests.BaseTest.setUp(BaseTest.java:35)
at java.base/jdk.internal.reflect.NativeMethodAccessorImpl.invoke0(Native Method)
at java.base/jdk.internal.reflect.NativeMethodAccessorImpl.invoke(NativeMethodAccessorImpl.java:77)
at java.base/jdk.internal.reflect.DelegatingMethodAccessorImpl.invoke(DelegatingMethodAccessorImpl.java:43)
at java.base/java.lang.reflect.Method.invoke(Method.java:568)
at org.testng.internal.invokers.MethodInvocationHelper.invokeMethod(MethodInvocationHelper.java:139)
at org.testng.internal.invokers.MethodInvocationHelper.invokeMethodConsideringTimeout(MethodInvocationHelper.java:69)
at org.testng.internal.invokers.ConfigInvoker.invokeConfigurationMethod(ConfigInvoker.java:361)
at org.testng.internal.invokers.ConfigInvoker.invokeConfigurations(ConfigInvoker.java:296)
at org.testng.TestRunner.invokeTestConfigurations(TestRunner.java:643)
at org.testng.TestRunner.beforeRun(TestRunner.java:632)
at org.testng.TestRunner.run(TestRunner.java:594)
at org.testng.SuiteRunner.runTest(SuiteRunner.java:433)
at org.testng.SuiteRunner$SuiteWorker.run(SuiteRunner.java:471)
at org.testng.internal.thread.ThreadUtil.lambda$execute$0(ThreadUtil.java:58)
at java.base/java.util.concurrent.FutureTask.run(FutureTask.java:264)
at java.base/java.util.concurrent.ThreadPoolExecutor.runWorker(ThreadPoolExecutor.java:1136)
at java.base/java.util.concurrent.ThreadPoolExecutor$Worker.run(ThreadPoolExecutor.java:635)
at java.base/java.lang.Thread.run(Thread.java:833)
]]>
    </failure>
  </testcase> <!-- @BeforeTest setUp -->
  <testcase classname="com.qa.lenskart.tests.ProductInfoTest" name="@BeforeClass test" time="0.0">
    <skipped/>
  </testcase> <!-- @BeforeClass test -->
  <testcase classname="com.qa.lenskart.tests.BaseTest" name="@AfterTest tearDown" time="0.0">
    <skipped/>
  </testcase> <!-- @AfterTest tearDown -->
  <testcase classname="com.qa.lenskart.tests.ProductInfoTest" name="productBrandNameTest" time="0.0">
    <skipped/>
  </testcase> <!-- productBrandNameTest -->
  <testcase classname="com.qa.lenskart.tests.ProductInfoTest" name="productimageCount" time="0.0">
    <skipped/>
  </testcase> <!-- productimageCount -->
  <testcase classname="com.qa.lenskart.tests.ProductInfoTest" name="getProductTechnicalInfo" time="0.0">
    <skipped/>
  </testcase> <!-- getProductTechnicalInfo -->
</testsuite> <!-- LensKart product Info Test -->
