<?xml version="1.0" encoding="UTF-8"?>
<!-- Generated by org.testng.reporters.JUnitXMLReporter -->
<testsuite ignored="0" hostname="Vipuls-MacBook-Air.local" failures="0" tests="4" name="LensKart Landing Page Negative Test" time="47.881" errors="0" timestamp="03 Dec 2022 04:56:09 GMT">
  <testcase classname="com.qa.lenskart.tests.LandingPageNegativeTest" name="loginNegativeTest" time="1.838">
    <skipped/>
  </testcase> <!-- loginNegativeTest -->
  <testcase classname="com.qa.lenskart.tests.LandingPageNegativeTest" name="loginNegativeTest" time="1.552"/>
  <testcase classname="com.qa.lenskart.tests.LandingPageNegativeTest" name="loginNegativeTest" time="1.276">
    <skipped/>
  </testcase> <!-- loginNegativeTest -->
  <testcase classname="com.qa.lenskart.tests.LandingPageNegativeTest" name="loginNegativeTest" time="1.355"/>
</testsuite> <!-- LensKart Landing Page Negative Test -->
