<?xml version="1.0" encoding="UTF-8"?>
<!-- Generated by org.testng.reporters.JUnitXMLReporter -->
<testsuite ignored="2" hostname="Vipuls-MacBook-Air.local" failures="1" tests="4" name="LensKart product Info Test" time="119.993" errors="0" timestamp="02 Dec 2022 03:46:20 GMT">
  <testcase classname="com.qa.lenskart.tests.ProductInfoTest" name="productimageCount" time="10.351">
    <skipped/>
  </testcase> <!-- productimageCount -->
  <testcase classname="com.qa.lenskart.tests.ProductInfoTest" name="productimageCount" time="10.937">
    <skipped/>
  </testcase> <!-- productimageCount -->
  <testcase classname="com.qa.lenskart.tests.ProductInfoTest" name="productimageCount" time="20.028">
    <skipped/>
  </testcase> <!-- productimageCount -->
  <testcase classname="com.qa.lenskart.tests.ProductInfoTest" name="productimageCount" time="33.575">
    <failure type="java.lang.AssertionError" message="Image count should be greater than 0 expected [true] but found [false]">
      <![CDATA[java.lang.AssertionError: Image count should be greater than 0 expected [true] but found [false]
at org.testng.Assert.fail(Assert.java:96)
at org.testng.Assert.failNotEquals(Assert.java:776)
at org.testng.Assert.assertTrue(Assert.java:44)
at com.qa.lenskart.tests.ProductInfoTest.productimageCount(ProductInfoTest.java:50)
at java.base/jdk.internal.reflect.NativeMethodAccessorImpl.invoke0(Native Method)
at java.base/jdk.internal.reflect.NativeMethodAccessorImpl.invoke(NativeMethodAccessorImpl.java:77)
at java.base/jdk.internal.reflect.DelegatingMethodAccessorImpl.invoke(DelegatingMethodAccessorImpl.java:43)
at java.base/java.lang.reflect.Method.invoke(Method.java:568)
at org.testng.internal.MethodInvocationHelper.invokeMethod(MethodInvocationHelper.java:124)
at org.testng.internal.Invoker.invokeMethod(Invoker.java:583)
at org.testng.internal.Invoker.retryFailed(Invoker.java:839)
at org.testng.internal.Invoker.invokeTestMethods(Invoker.java:1010)
at org.testng.internal.TestMethodWorker.invokeTestMethods(TestMethodWorker.java:125)
at org.testng.internal.TestMethodWorker.run(TestMethodWorker.java:109)
at org.testng.TestRunner.privateRun(TestRunner.java:648)
at org.testng.TestRunner.run(TestRunner.java:505)
at org.testng.SuiteRunner.runTest(SuiteRunner.java:455)
at org.testng.SuiteRunner.access$000(SuiteRunner.java:40)
at org.testng.SuiteRunner$SuiteWorker.run(SuiteRunner.java:489)
at org.testng.internal.thread.ThreadUtil$1.call(ThreadUtil.java:52)
at java.base/java.util.concurrent.FutureTask.run(FutureTask.java:264)
at java.base/java.util.concurrent.ThreadPoolExecutor.runWorker(ThreadPoolExecutor.java:1136)
at java.base/java.util.concurrent.ThreadPoolExecutor$Worker.run(ThreadPoolExecutor.java:635)
at java.base/java.lang.Thread.run(Thread.java:833)
]]>
    </failure>
  </testcase> <!-- productimageCount -->
  <testcase classname="com.qa.lenskart.tests.ProductInfoTest" name="getProductTechnicalInfo" time="0.0">
    <ignored/>
  </testcase> <!-- getProductTechnicalInfo -->
  <testcase classname="com.qa.lenskart.tests.ProductInfoTest" name="productBrandNameTest" time="0.0">
    <ignored/>
  </testcase> <!-- productBrandNameTest -->
</testsuite> <!-- LensKart product Info Test -->
