<?xml version="1.0" encoding="UTF-8"?>
<!-- Generated by org.testng.reporters.JUnitXMLReporter -->
<testsuite ignored="2" hostname="Vipuls-MacBook-Air.local" failures="0" tests="4" name="LensKart Home Page Test" time="32.711" errors="0" timestamp="02 Dec 2022 03:44:52 GMT">
  <testcase classname="com.qa.lenskart.tests.HomePageTest" name="userNameTest" time="0.576"/>
  <testcase classname="com.qa.lenskart.tests.HomePageTest" name="searchTest" time="3.249"/>
  <testcase classname="com.qa.lenskart.tests.HomePageTest" name="searchTest" time="3.879"/>
  <testcase classname="com.qa.lenskart.tests.HomePageTest" name="searchTest" time="3.71"/>
  <testcase classname="com.qa.lenskart.tests.HomePageTest" name="loginPanelItemsTest" time="0.0">
    <ignored/>
  </testcase> <!-- loginPanelItemsTest -->
  <testcase classname="com.qa.lenskart.tests.HomePageTest" name="selectProductTest" time="0.0">
    <ignored/>
  </testcase> <!-- selectProductTest -->
</testsuite> <!-- LensKart Home Page Test -->
