<?xml version="1.0" encoding="UTF-8"?>
<!-- Generated by org.testng.reporters.JUnitXMLReporter -->
<testsuite ignored="0" hostname="Vipuls-MacBook.local" failures="0" tests="2" name="Default test" time="14.404" errors="0" timestamp="2022-11-23T11:30:10 IST">
  <testcase classname="com.qa.lenskart.tests.LandingPageNegativeTest" name="loginNegativeTest" time="2.869"/>
  <testcase classname="com.qa.lenskart.tests.LandingPageNegativeTest" name="loginNegativeTest" time="1.428"/>
</testsuite> <!-- Default test -->
