<?xml version="1.0" encoding="UTF-8"?>
<!-- Generated by org.testng.reporters.JUnitXMLReporter -->
<testsuite ignored="0" hostname="05479A-PSEHGAL.corp.zynga.com" failures="0" tests="4" name="Default test" time="9.728" errors="0" timestamp="2022-11-19T15:42:51 IST">
  <testcase classname="com.qa.lenskart.tests.LandingPageTest" name="titleTest" time="0.008"/>
  <testcase classname="com.qa.lenskart.tests.LandingPageTest" name="urlTest" time="0.004"/>
  <testcase classname="com.qa.lenskart.tests.LandingPageTest" name="logoTest" time="0.025"/>
  <testcase classname="com.qa.lenskart.tests.LandingPageTest" name="signInTest" time="1.479"/>
</testsuite> <!-- Default test -->
