<?xml version="1.0" encoding="UTF-8"?>
<testng-results ignored="0" total="5" passed="5" failed="0" skipped="0">
  <reporter-output>
  </reporter-output>
  <suite started-at="2022-11-19T20:35:31 IST" name="Default suite" finished-at="2022-11-19T20:35:42 IST" duration-ms="11105">
    <groups>
    </groups>
    <test started-at="2022-11-19T20:35:31 IST" name="Default test" finished-at="2022-11-19T20:35:42 IST" duration-ms="11105">
      <class name="com.qa.lenskart.tests.HomePageTest">
        <test-method is-config="true" signature="setUp()[pri:0, instance:com.qa.lenskart.tests.HomePageTest@13e344d]" started-at="2022-11-19T20:35:31 IST" name="setUp" finished-at="2022-11-19T20:35:39 IST" duration-ms="7853" status="PASS">
          <reporter-output>
          </reporter-output>
        </test-method> <!-- setUp -->
        <test-method is-config="true" signature="test()[pri:0, instance:com.qa.lenskart.tests.HomePageTest@13e344d]" started-at="2022-11-19T20:35:39 IST" name="test" finished-at="2022-11-19T20:35:40 IST" duration-ms="1534" status="PASS">
          <reporter-output>
          </reporter-output>
        </test-method> <!-- test -->
        <test-method signature="userNameTest()[pri:1, instance:com.qa.lenskart.tests.HomePageTest@13e344d]" started-at="2022-11-19T20:35:40 IST" name="userNameTest" finished-at="2022-11-19T20:35:41 IST" duration-ms="534" status="PASS">
          <reporter-output>
          </reporter-output>
        </test-method> <!-- userNameTest -->
        <test-method signature="loginPanelItemsTest()[pri:2, instance:com.qa.lenskart.tests.HomePageTest@13e344d]" started-at="2022-11-19T20:35:41 IST" name="loginPanelItemsTest" finished-at="2022-11-19T20:35:41 IST" duration-ms="288" status="PASS">
          <reporter-output>
          </reporter-output>
        </test-method> <!-- loginPanelItemsTest -->
        <test-method signature="searchTest(java.lang.String)[pri:3, instance:com.qa.lenskart.tests.HomePageTest@13e344d]" started-at="2022-11-19T20:35:41 IST" name="searchTest" data-provider="serchItems" finished-at="2022-11-19T20:35:41 IST" duration-ms="81" status="PASS">
          <params>
            <param index="0">
              <value>
                <![CDATA[Contact Lenses]]>
              </value>
            </param>
          </params>
          <reporter-output>
          </reporter-output>
        </test-method> <!-- searchTest -->
        <test-method signature="searchTest(java.lang.String)[pri:3, instance:com.qa.lenskart.tests.HomePageTest@13e344d]" started-at="2022-11-19T20:35:41 IST" name="searchTest" data-provider="serchItems" finished-at="2022-11-19T20:35:41 IST" duration-ms="262" status="PASS">
          <params>
            <param index="0">
              <value>
                <![CDATA[Eyeglasses]]>
              </value>
            </param>
          </params>
          <reporter-output>
          </reporter-output>
        </test-method> <!-- searchTest -->
        <test-method signature="searchTest(java.lang.String)[pri:3, instance:com.qa.lenskart.tests.HomePageTest@13e344d]" started-at="2022-11-19T20:35:41 IST" name="searchTest" data-provider="serchItems" finished-at="2022-11-19T20:35:42 IST" duration-ms="419" status="PASS">
          <params>
            <param index="0">
              <value>
                <![CDATA[Sunglasses]]>
              </value>
            </param>
          </params>
          <reporter-output>
          </reporter-output>
        </test-method> <!-- searchTest -->
        <test-method is-config="true" signature="tearDown()[pri:0, instance:com.qa.lenskart.tests.HomePageTest@13e344d]" started-at="2022-11-19T20:35:42 IST" name="tearDown" finished-at="2022-11-19T20:35:42 IST" duration-ms="114" status="PASS">
          <reporter-output>
          </reporter-output>
        </test-method> <!-- tearDown -->
      </class> <!-- com.qa.lenskart.tests.HomePageTest -->
    </test> <!-- Default test -->
  </suite> <!-- Default suite -->
</testng-results>
