<?xml version="1.0" encoding="UTF-8"?>
<!-- Generated by org.testng.reporters.JUnitXMLReporter -->
<testsuite ignored="0" hostname="Vipuls-MacBook-Air.local" failures="0" tests="2" name="LensKart Landing Page Negative Test" time="44.399" errors="0" timestamp="22 May 2023 12:26:37 GMT">
  <testcase classname="com.qa.lenskart.tests.LandingPageNegativeTest" name="loginNegativeTest" time="2.867"/>
  <testcase classname="com.qa.lenskart.tests.LandingPageNegativeTest" name="loginNegativeTest" time="1.763"/>
</testsuite> <!-- LensKart Landing Page Negative Test -->
