<?xml version="1.0" encoding="UTF-8"?>
<!-- Generated by org.testng.reporters.JUnitReportReporter -->
<testsuite hostname="Vipuls-MacBook.local" failures="0" tests="7" name="com.qa.lenskart.tests.HomePageTest" time="21.237" errors="0" timestamp="2022-11-21T17:14:33 IST" skipped="0">
  <testcase classname="com.qa.lenskart.tests.HomePageTest" name="userNameTest" time="1.063"/>
  <system-out/>
  <testcase classname="com.qa.lenskart.tests.HomePageTest" name="loginPanelItemsTest" time="0.221"/>
  <system-out/>
  <testcase classname="com.qa.lenskart.tests.HomePageTest" name="searchTest" time="1.142"/>
  <system-out/>
  <testcase classname="com.qa.lenskart.tests.HomePageTest" name="searchTest" time="1.314"/>
  <system-out/>
  <testcase classname="com.qa.lenskart.tests.HomePageTest" name="searchTest" time="2.295"/>
  <system-out/>
  <testcase classname="com.qa.lenskart.tests.HomePageTest" name="selectProductTest" time="7.026"/>
  <system-out/>
  <testcase classname="com.qa.lenskart.tests.HomePageTest" name="selectProductTest" time="8.176"/>
  <system-out/>
</testsuite> <!-- com.qa.lenskart.tests.HomePageTest -->
