<?xml version="1.0" encoding="UTF-8"?>
<!-- Generated by org.testng.reporters.JUnitReportReporter -->
<testsuite hostname="Vipuls-MacBook-Air.local" failures="0" tests="3" name="com.qa.lenskart.tests.ProductInfoTest" time="37.485" errors="0" timestamp="11 Dec 2022 14:39:22 GMT" skipped="2">
  <testcase classname="com.qa.lenskart.tests.ProductInfoTest" name="productimageCount" time="37.485"/>
  <testcase classname="com.qa.lenskart.tests.ProductInfoTest" name="getProductTechnicalInfo">
    <skipped/>
  </testcase> <!-- getProductTechnicalInfo -->
  <testcase classname="com.qa.lenskart.tests.ProductInfoTest" name="productBrandNameTest">
    <skipped/>
  </testcase> <!-- productBrandNameTest -->
</testsuite> <!-- com.qa.lenskart.tests.ProductInfoTest -->
