<?xml version="1.0" encoding="UTF-8"?>
<!-- Generated by org.testng.reporters.JUnitReportReporter -->
<testsuite hostname="Vipuls-MacBook-Air.local" failures="0" tests="6" name="com.qa.lenskart.tests.HomePageTest" time="9.854" errors="0" timestamp="03 Dec 2022 03:21:40 GMT" skipped="2">
  <testcase classname="com.qa.lenskart.tests.HomePageTest" name="userNameTest" time="0.533"/>
  <testcase classname="com.qa.lenskart.tests.HomePageTest" name="searchTest" time="3.158"/>
  <testcase classname="com.qa.lenskart.tests.HomePageTest" name="searchTest" time="3.101"/>
  <testcase classname="com.qa.lenskart.tests.HomePageTest" name="searchTest" time="3.062"/>
  <testcase classname="com.qa.lenskart.tests.HomePageTest" name="loginPanelItemsTest">
    <skipped/>
  </testcase> <!-- loginPanelItemsTest -->
  <testcase classname="com.qa.lenskart.tests.HomePageTest" name="selectProductTest">
    <skipped/>
  </testcase> <!-- selectProductTest -->
</testsuite> <!-- com.qa.lenskart.tests.HomePageTest -->
