<?xml version="1.0" encoding="UTF-8"?>
<!-- Generated by org.testng.reporters.JUnitReportReporter -->
<testsuite hostname="Vipuls-MacBook.local" failures="0" tests="3" name="com.qa.lenskart.tests.SearchPageTest" time="7.617" errors="0" timestamp="2022-11-21T15:56:02 IST" skipped="0">
  <testcase classname="com.qa.lenskart.tests.SearchPageTest" name="headerTest" time="1.045"/>
  <system-out/>
  <testcase classname="com.qa.lenskart.tests.SearchPageTest" name="productCountTest" time="0.014"/>
  <system-out/>
  <testcase classname="com.qa.lenskart.tests.SearchPageTest" name="selectProduct" time="6.558"/>
  <system-out/>
</testsuite> <!-- com.qa.lenskart.tests.SearchPageTest -->
