<?xml version="1.0" encoding="UTF-8"?>
<!-- Generated by org.testng.reporters.JUnitReportReporter -->
<testsuite hostname="11748A-ADEY.corp.zynga.com" failures="0" tests="4" name="com.qa.lenskart.tests.LandingPageTest" time="2.090" errors="0" timestamp="2022-11-22T13:31:36 IST" skipped="0">
  <testcase classname="com.qa.lenskart.tests.LandingPageTest" name="titleTest" time="0.009"/>
  <system-out/>
  <testcase classname="com.qa.lenskart.tests.LandingPageTest" name="urlTest" time="0.004"/>
  <system-out/>
  <testcase classname="com.qa.lenskart.tests.LandingPageTest" name="logoTest" time="0.037"/>
  <system-out/>
  <testcase classname="com.qa.lenskart.tests.LandingPageTest" name="signInTest" time="2.040"/>
  <system-out/>
</testsuite> <!-- com.qa.lenskart.tests.LandingPageTest -->
