<?xml version="1.0" encoding="UTF-8"?>
<!-- Generated by org.testng.reporters.JUnitReportReporter -->
<testsuite hostname="11748A-ADEY.corp.zynga.com" failures="0" tests="3" name="com.qa.lenskart.tests.ProductInfoTest" time="8.987" errors="0" timestamp="2022-11-22T14:27:40 IST" skipped="0">
  <testcase classname="com.qa.lenskart.tests.ProductInfoTest" name="productBrandNameTest" time="2.329"/>
  <system-out/>
  <testcase classname="com.qa.lenskart.tests.ProductInfoTest" name="productimageCount" time="3.378"/>
  <system-out/>
  <testcase classname="com.qa.lenskart.tests.ProductInfoTest" name="getProductTechnicalInfo" time="3.280"/>
  <system-out/>
</testsuite> <!-- com.qa.lenskart.tests.ProductInfoTest -->
