<?xml version="1.0" encoding="UTF-8"?>
<!-- Generated by org.testng.reporters.JUnitReportReporter -->
<testsuite hostname="Vipuls-MacBook-Air.local" failures="0" tests="4" name="com.qa.lenskart.tests.LandingPageNegativeTest" time="6.021" errors="0" timestamp="03 Dec 2022 04:56:34 GMT" skipped="2">
  <testcase classname="com.qa.lenskart.tests.LandingPageNegativeTest" name="loginNegativeTest" time="1.355"/>
  <testcase classname="com.qa.lenskart.tests.LandingPageNegativeTest" name="loginNegativeTest" time="1.838">
    <skipped/>
  </testcase> <!-- loginNegativeTest -->
  <testcase classname="com.qa.lenskart.tests.LandingPageNegativeTest" name="loginNegativeTest" time="1.552"/>
  <testcase classname="com.qa.lenskart.tests.LandingPageNegativeTest" name="loginNegativeTest" time="1.276">
    <skipped/>
  </testcase> <!-- loginNegativeTest -->
</testsuite> <!-- com.qa.lenskart.tests.LandingPageNegativeTest -->
