<?xml version="1.0" encoding="UTF-8"?>
<!-- Generated by org.testng.reporters.JUnitReportReporter -->
<testsuite hostname="Vipuls-MacBook-Air.local" failures="0" tests="2" name="com.qa.lenskart.tests.LandingPageNegativeTest" time="4.168" errors="0" timestamp="2022-11-24T18:30:45 IST" skipped="0">
  <testcase classname="com.qa.lenskart.tests.LandingPageNegativeTest" name="loginNegativeTest" time="1.426"/>
  <system-out/>
  <testcase classname="com.qa.lenskart.tests.LandingPageNegativeTest" name="loginNegativeTest" time="2.742"/>
  <system-out/>
</testsuite> <!-- com.qa.lenskart.tests.LandingPageNegativeTest -->
