<?xml version="1.0" encoding="UTF-8"?>
<!-- Generated by org.testng.reporters.JUnitReportReporter -->
<testsuite hostname="Vipuls-MacBook.local" failures="0" tests="4" name="com.qa.lenskart.tests.LandingPageTest" time="2.529" errors="0" timestamp="2022-11-20T22:50:39 IST" skipped="0">
  <testcase classname="com.qa.lenskart.tests.LandingPageTest" name="titleTest" time="0.007"/>
  <system-out/>
  <testcase classname="com.qa.lenskart.tests.LandingPageTest" name="urlTest" time="0.004"/>
  <system-out/>
  <testcase classname="com.qa.lenskart.tests.LandingPageTest" name="logoTest" time="0.019"/>
  <system-out/>
  <testcase classname="com.qa.lenskart.tests.LandingPageTest" name="signInTest" time="2.499"/>
  <system-out/>
</testsuite> <!-- com.qa.lenskart.tests.LandingPageTest -->
